#
# There is insufficient memory for the Java Runtime Environment to continue.
# Native memory allocation (malloc) failed to allocate 327056 bytes. Error detail: Chunk::new
# Possible reasons:
#   The system is out of physical RAM or swap space
#   This process is running with CompressedOops enabled, and the Java Heap may be blocking the growth of the native heap
# Possible solutions:
#   Reduce memory load on the system
#   Increase physical memory or swap space
#   Check if swap backing store is full
#   Decrease Java heap size (-Xmx/-Xms)
#   Decrease number of Java threads
#   Decrease Java thread stack sizes (-Xss)
#   Set larger code cache with -XX:ReservedCodeCacheSize=
#   JVM is running with Unscaled Compressed Oops mode in which the Java heap is
#     placed in the first 4GB address space. The Java Heap base address is the
#     maximum limit for the native heap growth. Please use -XX:HeapBaseMinAddress
#     to set the Java Heap base and to place the Java Heap above 4GB virtual address.
# This output file may be truncated or incomplete.
#
#  Out of Memory Error (arena.cpp:191), pid=10612, tid=14540
#
# JRE version: OpenJDK Runtime Environment Temurin-17.0.11+9 (17.0.11+9) (build 17.0.11+9)
# Java VM: OpenJDK 64-Bit Server VM Temurin-17.0.11+9 (17.0.11+9, mixed mode, tiered, compressed oops, compressed class ptrs, g1 gc, windows-amd64)
# No core dump will be written. Minidumps are not enabled by default on client versions of Windows
#

---------------  S U M M A R Y ------------

Command Line: -Dfile.encoding=UTF-8 -Dstdout.encoding=UTF-8 -Dstderr.encoding=UTF-8 -XX:+ShowCodeDetailsInExceptionMessages com.Rikesh.StudentSystem.StudentSystemApplication

Host: Intel(R) Core(TM) i7-5500U CPU @ 2.40GHz, 4 cores, 7G,  Windows 10 , 64 bit Build 19041 (10.0.19041.4597)
Time: Sat Jul  6 00:31:09 2024 Nepal Standard Time elapsed time: 1.450627 seconds (0d 0h 0m 1s)

---------------  T H R E A D  ---------------

Current thread (0x0000016da7cbdf70):  JavaThread "C2 CompilerThread1" daemon [_thread_in_native, id=14540, stack(0x0000003d13400000,0x0000003d13500000)]


Current CompileTask:
C2:   1450 1690 % !   4       java.util.concurrent.ConcurrentHashMap::transfer @ 96 (849 bytes)

Stack: [0x0000003d13400000,0x0000003d13500000]
Native frames: (J=compiled Java code, j=interpreted, Vv=VM code, C=native code)
V  [jvm.dll+0x67d429]
V  [jvm.dll+0x834b7a]
V  [jvm.dll+0x83663e]
V  [jvm.dll+0x836ca3]
V  [jvm.dll+0x247dbf]
V  [jvm.dll+0xac534]
V  [jvm.dll+0xacb7c]
V  [jvm.dll+0x3665f2]
V  [jvm.dll+0x330bba]
V  [jvm.dll+0x33005a]
V  [jvm.dll+0x21a471]
V  [jvm.dll+0x2198b1]
V  [jvm.dll+0x1a534d]
V  [jvm.dll+0x2295cd]
V  [jvm.dll+0x22779c]
V  [jvm.dll+0x7e9d07]
V  [jvm.dll+0x7e410a]
V  [jvm.dll+0x67c315]
C  [ucrtbase.dll+0x21bb2]
C  [KERNEL32.DLL+0x17374]
C  [ntdll.dll+0x4cc91]


---------------  P R O C E S S  ---------------

Threads class SMR info:
_java_thread_list=0x0000016dace7f520, length=16, elements={
0x0000016d8c26dfd0, 0x0000016da7a48260, 0x0000016da7a52090, 0x0000016da7a6baa0,
0x0000016da7a6c570, 0x0000016da7a7c010, 0x0000016da7a80670, 0x0000016da7a81b00,
0x0000016da7a82d50, 0x0000016da7a96ac0, 0x0000016da7c05610, 0x0000016da7c15ad0,
0x0000016da7cbdf70, 0x0000016dac47c910, 0x0000016dac420820, 0x0000016dacca0040
}

Java Threads: ( => current thread )
  0x0000016d8c26dfd0 JavaThread "main" [_thread_blocked, id=20064, stack(0x0000003d12100000,0x0000003d12200000)]
  0x0000016da7a48260 JavaThread "Reference Handler" daemon [_thread_blocked, id=13760, stack(0x0000003d12800000,0x0000003d12900000)]
  0x0000016da7a52090 JavaThread "Finalizer" daemon [_thread_blocked, id=9540, stack(0x0000003d12900000,0x0000003d12a00000)]
  0x0000016da7a6baa0 JavaThread "Signal Dispatcher" daemon [_thread_blocked, id=15960, stack(0x0000003d12a00000,0x0000003d12b00000)]
  0x0000016da7a6c570 JavaThread "Attach Listener" daemon [_thread_blocked, id=7892, stack(0x0000003d12b00000,0x0000003d12c00000)]
  0x0000016da7a7c010 JavaThread "Service Thread" daemon [_thread_blocked, id=17732, stack(0x0000003d12c00000,0x0000003d12d00000)]
  0x0000016da7a80670 JavaThread "Monitor Deflation Thread" daemon [_thread_blocked, id=19236, stack(0x0000003d12d00000,0x0000003d12e00000)]
  0x0000016da7a81b00 JavaThread "C2 CompilerThread0" daemon [_thread_in_native, id=3408, stack(0x0000003d12e00000,0x0000003d12f00000)]
  0x0000016da7a82d50 JavaThread "C1 CompilerThread0" daemon [_thread_in_native, id=19792, stack(0x0000003d12f00000,0x0000003d13000000)]
  0x0000016da7a96ac0 JavaThread "Sweeper thread" daemon [_thread_blocked, id=18136, stack(0x0000003d13000000,0x0000003d13100000)]
  0x0000016da7c05610 JavaThread "Notification Thread" daemon [_thread_blocked, id=14916, stack(0x0000003d13100000,0x0000003d13200000)]
  0x0000016da7c15ad0 JavaThread "Common-Cleaner" daemon [_thread_blocked, id=9056, stack(0x0000003d13300000,0x0000003d13400000)]
=>0x0000016da7cbdf70 JavaThread "C2 CompilerThread1" daemon [_thread_in_native, id=14540, stack(0x0000003d13400000,0x0000003d13500000)]
  0x0000016dac47c910 JavaThread "Thread-0" [_thread_blocked, id=2476, stack(0x0000003d13800000,0x0000003d13900000)]
  0x0000016dac420820 JavaThread "restartedMain" [_thread_in_vm, id=14860, stack(0x0000003d13900000,0x0000003d13a00000)]
  0x0000016dacca0040 JavaThread "background-preinit" [_thread_in_vm, id=9872, stack(0x0000003d13a00000,0x0000003d13b00000)]

Other Threads:
  0x0000016da7a25000 VMThread "VM Thread" [stack: 0x0000003d12700000,0x0000003d12800000] [id=10172]
  0x0000016da7b27f70 WatcherThread [stack: 0x0000003d13200000,0x0000003d13300000] [id=9288]
  0x0000016d8c3e24d0 GCTaskThread "GC Thread#0" [stack: 0x0000003d12200000,0x0000003d12300000] [id=5872]
  0x0000016dac7fecc0 GCTaskThread "GC Thread#1" [stack: 0x0000003d13500000,0x0000003d13600000] [id=7468]
  0x0000016dac704ee0 GCTaskThread "GC Thread#2" [stack: 0x0000003d13600000,0x0000003d13700000] [id=19768]
  0x0000016dac7fc500 GCTaskThread "GC Thread#3" [stack: 0x0000003d13700000,0x0000003d13800000] [id=14944]
  0x0000016d8c3f3900 ConcurrentGCThread "G1 Main Marker" [stack: 0x0000003d12300000,0x0000003d12400000] [id=5592]
  0x0000016d8c3f4320 ConcurrentGCThread "G1 Conc#0" [stack: 0x0000003d12400000,0x0000003d12500000] [id=9140]
  0x0000016d8c438410 ConcurrentGCThread "G1 Refine#0" [stack: 0x0000003d12500000,0x0000003d12600000] [id=17280]
  0x0000016da78824c0 ConcurrentGCThread "G1 Service" [stack: 0x0000003d12600000,0x0000003d12700000] [id=15288]

Threads with active compile tasks:
C2 CompilerThread0     1480 1703   !   4       java.net.URL::<init> (543 bytes)
C1 CompilerThread0     1480 1759       3       sun.util.locale.LanguageTag::parsePrivateuse (144 bytes)
C2 CompilerThread1     1480 1690 % !   4       java.util.concurrent.ConcurrentHashMap::transfer @ 96 (849 bytes)

VM state: not at safepoint (normal execution)

VM Mutex/Monitor currently owned by a thread:  ([mutex/lock_event])
[0x0000016d8c3861b0] Metaspace_lock - owner thread: 0x0000016dac420820
[0x0000016d8c26b440] MethodData_lock - owner thread: 0x0000016da7a82d50

Heap address: 0x0000000081600000, size: 2026 MB, Compressed Oops mode: 32-bit

CDS archive(s) not mapped
Compressed class space mapped at: 0x0000000100000000-0x0000000140000000, reserved size: 1073741824
Narrow klass base: 0x0000000000000000, Narrow klass shift: 3, Narrow klass range: 0x140000000

GC Precious Log:
 CPUs: 4 total, 4 available
 Memory: 8102M
 Large Page Support: Disabled
 NUMA Support: Disabled
 Compressed Oops: Enabled (32-bit)
 Heap Region Size: 1M
 Heap Min Capacity: 8M
 Heap Initial Capacity: 128M
 Heap Max Capacity: 2026M
 Pre-touch: Disabled
 Parallel Workers: 4
 Concurrent Workers: 1
 Concurrent Refinement Workers: 4
 Periodic GC: Disabled

Heap:
 garbage-first heap   total 131072K, used 26227K [0x0000000081600000, 0x0000000100000000)
  region size 1024K, 22 young (22528K), 1 survivors (1024K)
 Metaspace       used 20063K, committed 20224K, reserved 1114112K
  class space    used 2127K, committed 2176K, reserved 1048576K

Heap Regions: E=young(eden), S=young(survivor), O=old, HS=humongous(starts), HC=humongous(continues), CS=collection set, F=free, OA=open archive, CA=closed archive, TAMS=top-at-mark-start (previous, next)
|   0|0x0000000081600000, 0x0000000081700000, 0x0000000081700000|100%|HS|  |TAMS 0x0000000081600000, 0x0000000081600000| Complete 
|   1|0x0000000081700000, 0x0000000081800000, 0x0000000081800000|100%| O|  |TAMS 0x0000000081700000, 0x0000000081700000| Untracked 
|   2|0x0000000081800000, 0x0000000081900000, 0x0000000081900000|100%| O|  |TAMS 0x0000000081800000, 0x0000000081800000| Untracked 
|   3|0x0000000081900000, 0x0000000081a00000, 0x0000000081a00000|100%| O|  |TAMS 0x0000000081900000, 0x0000000081900000| Untracked 
|   4|0x0000000081a00000, 0x0000000081b00000, 0x0000000081b00000|100%| O|  |TAMS 0x0000000081a00000, 0x0000000081a00000| Untracked 
|   5|0x0000000081b00000, 0x0000000081bcb600, 0x0000000081c00000| 79%| O|  |TAMS 0x0000000081b00000, 0x0000000081b00000| Untracked 
|   6|0x0000000081c00000, 0x0000000081c00000, 0x0000000081d00000|  0%| F|  |TAMS 0x0000000081c00000, 0x0000000081c00000| Untracked 
|   7|0x0000000081d00000, 0x0000000081d00000, 0x0000000081e00000|  0%| F|  |TAMS 0x0000000081d00000, 0x0000000081d00000| Untracked 
|   8|0x0000000081e00000, 0x0000000081e00000, 0x0000000081f00000|  0%| F|  |TAMS 0x0000000081e00000, 0x0000000081e00000| Untracked 
|   9|0x0000000081f00000, 0x0000000081f00000, 0x0000000082000000|  0%| F|  |TAMS 0x0000000081f00000, 0x0000000081f00000| Untracked 
|  10|0x0000000082000000, 0x0000000082000000, 0x0000000082100000|  0%| F|  |TAMS 0x0000000082000000, 0x0000000082000000| Untracked 
|  11|0x0000000082100000, 0x0000000082100000, 0x0000000082200000|  0%| F|  |TAMS 0x0000000082100000, 0x0000000082100000| Untracked 
|  12|0x0000000082200000, 0x0000000082200000, 0x0000000082300000|  0%| F|  |TAMS 0x0000000082200000, 0x0000000082200000| Untracked 
|  13|0x0000000082300000, 0x0000000082300000, 0x0000000082400000|  0%| F|  |TAMS 0x0000000082300000, 0x0000000082300000| Untracked 
|  14|0x0000000082400000, 0x0000000082400000, 0x0000000082500000|  0%| F|  |TAMS 0x0000000082400000, 0x0000000082400000| Untracked 
|  15|0x0000000082500000, 0x0000000082500000, 0x0000000082600000|  0%| F|  |TAMS 0x0000000082500000, 0x0000000082500000| Untracked 
|  16|0x0000000082600000, 0x0000000082600000, 0x0000000082700000|  0%| F|  |TAMS 0x0000000082600000, 0x0000000082600000| Untracked 
|  17|0x0000000082700000, 0x0000000082700000, 0x0000000082800000|  0%| F|  |TAMS 0x0000000082700000, 0x0000000082700000| Untracked 
|  18|0x0000000082800000, 0x0000000082800000, 0x0000000082900000|  0%| F|  |TAMS 0x0000000082800000, 0x0000000082800000| Untracked 
|  19|0x0000000082900000, 0x0000000082900000, 0x0000000082a00000|  0%| F|  |TAMS 0x0000000082900000, 0x0000000082900000| Untracked 
|  20|0x0000000082a00000, 0x0000000082a00000, 0x0000000082b00000|  0%| F|  |TAMS 0x0000000082a00000, 0x0000000082a00000| Untracked 
|  21|0x0000000082b00000, 0x0000000082b00000, 0x0000000082c00000|  0%| F|  |TAMS 0x0000000082b00000, 0x0000000082b00000| Untracked 
|  22|0x0000000082c00000, 0x0000000082c00000, 0x0000000082d00000|  0%| F|  |TAMS 0x0000000082c00000, 0x0000000082c00000| Untracked 
|  23|0x0000000082d00000, 0x0000000082d00000, 0x0000000082e00000|  0%| F|  |TAMS 0x0000000082d00000, 0x0000000082d00000| Untracked 
|  24|0x0000000082e00000, 0x0000000082e00000, 0x0000000082f00000|  0%| F|  |TAMS 0x0000000082e00000, 0x0000000082e00000| Untracked 
|  25|0x0000000082f00000, 0x0000000082f00000, 0x0000000083000000|  0%| F|  |TAMS 0x0000000082f00000, 0x0000000082f00000| Untracked 
|  26|0x0000000083000000, 0x0000000083000000, 0x0000000083100000|  0%| F|  |TAMS 0x0000000083000000, 0x0000000083000000| Untracked 
|  27|0x0000000083100000, 0x0000000083100000, 0x0000000083200000|  0%| F|  |TAMS 0x0000000083100000, 0x0000000083100000| Untracked 
|  28|0x0000000083200000, 0x0000000083200000, 0x0000000083300000|  0%| F|  |TAMS 0x0000000083200000, 0x0000000083200000| Untracked 
|  29|0x0000000083300000, 0x0000000083300000, 0x0000000083400000|  0%| F|  |TAMS 0x0000000083300000, 0x0000000083300000| Untracked 
|  30|0x0000000083400000, 0x0000000083400000, 0x0000000083500000|  0%| F|  |TAMS 0x0000000083400000, 0x0000000083400000| Untracked 
|  31|0x0000000083500000, 0x0000000083500000, 0x0000000083600000|  0%| F|  |TAMS 0x0000000083500000, 0x0000000083500000| Untracked 
|  32|0x0000000083600000, 0x0000000083600000, 0x0000000083700000|  0%| F|  |TAMS 0x0000000083600000, 0x0000000083600000| Untracked 
|  33|0x0000000083700000, 0x0000000083700000, 0x0000000083800000|  0%| F|  |TAMS 0x0000000083700000, 0x0000000083700000| Untracked 
|  34|0x0000000083800000, 0x0000000083800000, 0x0000000083900000|  0%| F|  |TAMS 0x0000000083800000, 0x0000000083800000| Untracked 
|  35|0x0000000083900000, 0x0000000083900000, 0x0000000083a00000|  0%| F|  |TAMS 0x0000000083900000, 0x0000000083900000| Untracked 
|  36|0x0000000083a00000, 0x0000000083a00000, 0x0000000083b00000|  0%| F|  |TAMS 0x0000000083a00000, 0x0000000083a00000| Untracked 
|  37|0x0000000083b00000, 0x0000000083b00000, 0x0000000083c00000|  0%| F|  |TAMS 0x0000000083b00000, 0x0000000083b00000| Untracked 
|  38|0x0000000083c00000, 0x0000000083c00000, 0x0000000083d00000|  0%| F|  |TAMS 0x0000000083c00000, 0x0000000083c00000| Untracked 
|  39|0x0000000083d00000, 0x0000000083d00000, 0x0000000083e00000|  0%| F|  |TAMS 0x0000000083d00000, 0x0000000083d00000| Untracked 
|  40|0x0000000083e00000, 0x0000000083e00000, 0x0000000083f00000|  0%| F|  |TAMS 0x0000000083e00000, 0x0000000083e00000| Untracked 
|  41|0x0000000083f00000, 0x0000000083f00000, 0x0000000084000000|  0%| F|  |TAMS 0x0000000083f00000, 0x0000000083f00000| Untracked 
|  42|0x0000000084000000, 0x0000000084000000, 0x0000000084100000|  0%| F|  |TAMS 0x0000000084000000, 0x0000000084000000| Untracked 
|  43|0x0000000084100000, 0x0000000084100000, 0x0000000084200000|  0%| F|  |TAMS 0x0000000084100000, 0x0000000084100000| Untracked 
|  44|0x0000000084200000, 0x0000000084200000, 0x0000000084300000|  0%| F|  |TAMS 0x0000000084200000, 0x0000000084200000| Untracked 
|  45|0x0000000084300000, 0x0000000084300000, 0x0000000084400000|  0%| F|  |TAMS 0x0000000084300000, 0x0000000084300000| Untracked 
|  46|0x0000000084400000, 0x0000000084400000, 0x0000000084500000|  0%| F|  |TAMS 0x0000000084400000, 0x0000000084400000| Untracked 
|  47|0x0000000084500000, 0x0000000084500000, 0x0000000084600000|  0%| F|  |TAMS 0x0000000084500000, 0x0000000084500000| Untracked 
|  48|0x0000000084600000, 0x0000000084600000, 0x0000000084700000|  0%| F|  |TAMS 0x0000000084600000, 0x0000000084600000| Untracked 
|  49|0x0000000084700000, 0x0000000084700000, 0x0000000084800000|  0%| F|  |TAMS 0x0000000084700000, 0x0000000084700000| Untracked 
|  50|0x0000000084800000, 0x0000000084800000, 0x0000000084900000|  0%| F|  |TAMS 0x0000000084800000, 0x0000000084800000| Untracked 
|  51|0x0000000084900000, 0x0000000084900000, 0x0000000084a00000|  0%| F|  |TAMS 0x0000000084900000, 0x0000000084900000| Untracked 
|  52|0x0000000084a00000, 0x0000000084a00000, 0x0000000084b00000|  0%| F|  |TAMS 0x0000000084a00000, 0x0000000084a00000| Untracked 
|  53|0x0000000084b00000, 0x0000000084b00000, 0x0000000084c00000|  0%| F|  |TAMS 0x0000000084b00000, 0x0000000084b00000| Untracked 
|  54|0x0000000084c00000, 0x0000000084c00000, 0x0000000084d00000|  0%| F|  |TAMS 0x0000000084c00000, 0x0000000084c00000| Untracked 
|  55|0x0000000084d00000, 0x0000000084d00000, 0x0000000084e00000|  0%| F|  |TAMS 0x0000000084d00000, 0x0000000084d00000| Untracked 
|  56|0x0000000084e00000, 0x0000000084e00000, 0x0000000084f00000|  0%| F|  |TAMS 0x0000000084e00000, 0x0000000084e00000| Untracked 
|  57|0x0000000084f00000, 0x0000000084f00000, 0x0000000085000000|  0%| F|  |TAMS 0x0000000084f00000, 0x0000000084f00000| Untracked 
|  58|0x0000000085000000, 0x0000000085000000, 0x0000000085100000|  0%| F|  |TAMS 0x0000000085000000, 0x0000000085000000| Untracked 
|  59|0x0000000085100000, 0x0000000085100000, 0x0000000085200000|  0%| F|  |TAMS 0x0000000085100000, 0x0000000085100000| Untracked 
|  60|0x0000000085200000, 0x0000000085200000, 0x0000000085300000|  0%| F|  |TAMS 0x0000000085200000, 0x0000000085200000| Untracked 
|  61|0x0000000085300000, 0x0000000085300000, 0x0000000085400000|  0%| F|  |TAMS 0x0000000085300000, 0x0000000085300000| Untracked 
|  62|0x0000000085400000, 0x0000000085400000, 0x0000000085500000|  0%| F|  |TAMS 0x0000000085400000, 0x0000000085400000| Untracked 
|  63|0x0000000085500000, 0x0000000085500000, 0x0000000085600000|  0%| F|  |TAMS 0x0000000085500000, 0x0000000085500000| Untracked 
|  64|0x0000000085600000, 0x0000000085600000, 0x0000000085700000|  0%| F|  |TAMS 0x0000000085600000, 0x0000000085600000| Untracked 
|  65|0x0000000085700000, 0x0000000085700000, 0x0000000085800000|  0%| F|  |TAMS 0x0000000085700000, 0x0000000085700000| Untracked 
|  66|0x0000000085800000, 0x0000000085800000, 0x0000000085900000|  0%| F|  |TAMS 0x0000000085800000, 0x0000000085800000| Untracked 
|  67|0x0000000085900000, 0x0000000085900000, 0x0000000085a00000|  0%| F|  |TAMS 0x0000000085900000, 0x0000000085900000| Untracked 
|  68|0x0000000085a00000, 0x0000000085a00000, 0x0000000085b00000|  0%| F|  |TAMS 0x0000000085a00000, 0x0000000085a00000| Untracked 
|  69|0x0000000085b00000, 0x0000000085b00000, 0x0000000085c00000|  0%| F|  |TAMS 0x0000000085b00000, 0x0000000085b00000| Untracked 
|  70|0x0000000085c00000, 0x0000000085c00000, 0x0000000085d00000|  0%| F|  |TAMS 0x0000000085c00000, 0x0000000085c00000| Untracked 
|  71|0x0000000085d00000, 0x0000000085d00000, 0x0000000085e00000|  0%| F|  |TAMS 0x0000000085d00000, 0x0000000085d00000| Untracked 
|  72|0x0000000085e00000, 0x0000000085e00000, 0x0000000085f00000|  0%| F|  |TAMS 0x0000000085e00000, 0x0000000085e00000| Untracked 
|  73|0x0000000085f00000, 0x0000000085f00000, 0x0000000086000000|  0%| F|  |TAMS 0x0000000085f00000, 0x0000000085f00000| Untracked 
|  74|0x0000000086000000, 0x0000000086000000, 0x0000000086100000|  0%| F|  |TAMS 0x0000000086000000, 0x0000000086000000| Untracked 
|  75|0x0000000086100000, 0x0000000086100000, 0x0000000086200000|  0%| F|  |TAMS 0x0000000086100000, 0x0000000086100000| Untracked 
|  76|0x0000000086200000, 0x0000000086200000, 0x0000000086300000|  0%| F|  |TAMS 0x0000000086200000, 0x0000000086200000| Untracked 
|  77|0x0000000086300000, 0x0000000086300000, 0x0000000086400000|  0%| F|  |TAMS 0x0000000086300000, 0x0000000086300000| Untracked 
|  78|0x0000000086400000, 0x0000000086400000, 0x0000000086500000|  0%| F|  |TAMS 0x0000000086400000, 0x0000000086400000| Untracked 
|  79|0x0000000086500000, 0x0000000086500000, 0x0000000086600000|  0%| F|  |TAMS 0x0000000086500000, 0x0000000086500000| Untracked 
|  80|0x0000000086600000, 0x0000000086600000, 0x0000000086700000|  0%| F|  |TAMS 0x0000000086600000, 0x0000000086600000| Untracked 
|  81|0x0000000086700000, 0x0000000086700000, 0x0000000086800000|  0%| F|  |TAMS 0x0000000086700000, 0x0000000086700000| Untracked 
|  82|0x0000000086800000, 0x0000000086800000, 0x0000000086900000|  0%| F|  |TAMS 0x0000000086800000, 0x0000000086800000| Untracked 
|  83|0x0000000086900000, 0x0000000086900000, 0x0000000086a00000|  0%| F|  |TAMS 0x0000000086900000, 0x0000000086900000| Untracked 
|  84|0x0000000086a00000, 0x0000000086a00000, 0x0000000086b00000|  0%| F|  |TAMS 0x0000000086a00000, 0x0000000086a00000| Untracked 
|  85|0x0000000086b00000, 0x0000000086b00000, 0x0000000086c00000|  0%| F|  |TAMS 0x0000000086b00000, 0x0000000086b00000| Untracked 
|  86|0x0000000086c00000, 0x0000000086c00000, 0x0000000086d00000|  0%| F|  |TAMS 0x0000000086c00000, 0x0000000086c00000| Untracked 
|  87|0x0000000086d00000, 0x0000000086d00000, 0x0000000086e00000|  0%| F|  |TAMS 0x0000000086d00000, 0x0000000086d00000| Untracked 
|  88|0x0000000086e00000, 0x0000000086e00000, 0x0000000086f00000|  0%| F|  |TAMS 0x0000000086e00000, 0x0000000086e00000| Untracked 
|  89|0x0000000086f00000, 0x0000000086f00000, 0x0000000087000000|  0%| F|  |TAMS 0x0000000086f00000, 0x0000000086f00000| Untracked 
|  90|0x0000000087000000, 0x0000000087000000, 0x0000000087100000|  0%| F|  |TAMS 0x0000000087000000, 0x0000000087000000| Untracked 
|  91|0x0000000087100000, 0x0000000087100000, 0x0000000087200000|  0%| F|  |TAMS 0x0000000087100000, 0x0000000087100000| Untracked 
|  92|0x0000000087200000, 0x0000000087200000, 0x0000000087300000|  0%| F|  |TAMS 0x0000000087200000, 0x0000000087200000| Untracked 
|  93|0x0000000087300000, 0x0000000087300000, 0x0000000087400000|  0%| F|  |TAMS 0x0000000087300000, 0x0000000087300000| Untracked 
|  94|0x0000000087400000, 0x0000000087400000, 0x0000000087500000|  0%| F|  |TAMS 0x0000000087400000, 0x0000000087400000| Untracked 
|  95|0x0000000087500000, 0x0000000087500000, 0x0000000087600000|  0%| F|  |TAMS 0x0000000087500000, 0x0000000087500000| Untracked 
|  96|0x0000000087600000, 0x0000000087600000, 0x0000000087700000|  0%| F|  |TAMS 0x0000000087600000, 0x0000000087600000| Untracked 
|  97|0x0000000087700000, 0x0000000087700000, 0x0000000087800000|  0%| F|  |TAMS 0x0000000087700000, 0x0000000087700000| Untracked 
|  98|0x0000000087800000, 0x0000000087800000, 0x0000000087900000|  0%| F|  |TAMS 0x0000000087800000, 0x0000000087800000| Untracked 
|  99|0x0000000087900000, 0x0000000087900000, 0x0000000087a00000|  0%| F|  |TAMS 0x0000000087900000, 0x0000000087900000| Untracked 
| 100|0x0000000087a00000, 0x0000000087a00000, 0x0000000087b00000|  0%| F|  |TAMS 0x0000000087a00000, 0x0000000087a00000| Untracked 
| 101|0x0000000087b00000, 0x0000000087b00000, 0x0000000087c00000|  0%| F|  |TAMS 0x0000000087b00000, 0x0000000087b00000| Untracked 
| 102|0x0000000087c00000, 0x0000000087c00000, 0x0000000087d00000|  0%| F|  |TAMS 0x0000000087c00000, 0x0000000087c00000| Untracked 
| 103|0x0000000087d00000, 0x0000000087d00000, 0x0000000087e00000|  0%| F|  |TAMS 0x0000000087d00000, 0x0000000087d00000| Untracked 
| 104|0x0000000087e00000, 0x0000000087e00000, 0x0000000087f00000|  0%| F|  |TAMS 0x0000000087e00000, 0x0000000087e00000| Untracked 
| 105|0x0000000087f00000, 0x0000000087f00000, 0x0000000088000000|  0%| F|  |TAMS 0x0000000087f00000, 0x0000000087f00000| Untracked 
| 106|0x0000000088000000, 0x00000000880e8d90, 0x0000000088100000| 90%| E|  |TAMS 0x0000000088000000, 0x0000000088000000| Complete 
| 107|0x0000000088100000, 0x0000000088200000, 0x0000000088200000|100%| E|CS|TAMS 0x0000000088100000, 0x0000000088100000| Complete 
| 108|0x0000000088200000, 0x0000000088300000, 0x0000000088300000|100%| E|CS|TAMS 0x0000000088200000, 0x0000000088200000| Complete 
| 109|0x0000000088300000, 0x0000000088400000, 0x0000000088400000|100%| E|CS|TAMS 0x0000000088300000, 0x0000000088300000| Complete 
| 110|0x0000000088400000, 0x0000000088500000, 0x0000000088500000|100%| E|  |TAMS 0x0000000088400000, 0x0000000088400000| Complete 
| 111|0x0000000088500000, 0x0000000088600000, 0x0000000088600000|100%| E|CS|TAMS 0x0000000088500000, 0x0000000088500000| Complete 
| 112|0x0000000088600000, 0x0000000088700000, 0x0000000088700000|100%| E|CS|TAMS 0x0000000088600000, 0x0000000088600000| Complete 
| 113|0x0000000088700000, 0x0000000088800000, 0x0000000088800000|100%| E|CS|TAMS 0x0000000088700000, 0x0000000088700000| Complete 
| 114|0x0000000088800000, 0x0000000088900000, 0x0000000088900000|100%| E|CS|TAMS 0x0000000088800000, 0x0000000088800000| Complete 
| 115|0x0000000088900000, 0x0000000088a00000, 0x0000000088a00000|100%| E|CS|TAMS 0x0000000088900000, 0x0000000088900000| Complete 
| 116|0x0000000088a00000, 0x0000000088ad1940, 0x0000000088b00000| 81%| S|CS|TAMS 0x0000000088a00000, 0x0000000088a00000| Complete 
| 117|0x0000000088b00000, 0x0000000088c00000, 0x0000000088c00000|100%| E|CS|TAMS 0x0000000088b00000, 0x0000000088b00000| Complete 
| 118|0x0000000088c00000, 0x0000000088d00000, 0x0000000088d00000|100%| E|CS|TAMS 0x0000000088c00000, 0x0000000088c00000| Complete 
| 119|0x0000000088d00000, 0x0000000088e00000, 0x0000000088e00000|100%| E|CS|TAMS 0x0000000088d00000, 0x0000000088d00000| Complete 
| 120|0x0000000088e00000, 0x0000000088f00000, 0x0000000088f00000|100%| E|CS|TAMS 0x0000000088e00000, 0x0000000088e00000| Complete 
| 121|0x0000000088f00000, 0x0000000089000000, 0x0000000089000000|100%| E|CS|TAMS 0x0000000088f00000, 0x0000000088f00000| Complete 
| 122|0x0000000089000000, 0x0000000089100000, 0x0000000089100000|100%| E|CS|TAMS 0x0000000089000000, 0x0000000089000000| Complete 
| 123|0x0000000089100000, 0x0000000089200000, 0x0000000089200000|100%| E|CS|TAMS 0x0000000089100000, 0x0000000089100000| Complete 
| 124|0x0000000089200000, 0x0000000089300000, 0x0000000089300000|100%| E|CS|TAMS 0x0000000089200000, 0x0000000089200000| Complete 
| 125|0x0000000089300000, 0x0000000089400000, 0x0000000089400000|100%| E|CS|TAMS 0x0000000089300000, 0x0000000089300000| Complete 
| 126|0x0000000089400000, 0x0000000089500000, 0x0000000089500000|100%| E|CS|TAMS 0x0000000089400000, 0x0000000089400000| Complete 
| 127|0x0000000089500000, 0x0000000089600000, 0x0000000089600000|100%| E|CS|TAMS 0x0000000089500000, 0x0000000089500000| Complete 

Card table byte_map: [0x0000016da0ca0000,0x0000016da10a0000] _byte_map_base: 0x0000016da0895000

Marking Bits (Prev, Next): (CMBitMap*) 0x0000016d8c3e2af0, (CMBitMap*) 0x0000016d8c3e2b30
 Prev Bits: [0x0000016da14a0000, 0x0000016da3448000)
 Next Bits: [0x0000016da3450000, 0x0000016da53f8000)

Polling page: 0x0000016d8c150000

Metaspace:

Usage:
  Non-class:     17.52 MB used.
      Class:      2.08 MB used.
       Both:     19.59 MB used.

Virtual space:
  Non-class space:       64.00 MB reserved,      17.62 MB ( 28%) committed,  1 nodes.
      Class space:        1.00 GB reserved,       2.12 MB ( <1%) committed,  1 nodes.
             Both:        1.06 GB reserved,      19.75 MB (  2%) committed. 

Chunk freelists:
   Non-Class:  14.05 MB
       Class:  13.80 MB
        Both:  27.84 MB

MaxMetaspaceSize: unlimited
CompressedClassSpaceSize: 1.00 GB
Initial GC threshold: 21.00 MB
Current GC threshold: 21.00 MB
CDS: off
MetaspaceReclaimPolicy: balanced
 - commit_granule_bytes: 65536.
 - commit_granule_words: 8192.
 - virtual_space_node_default_size: 8388608.
 - enlarge_chunks_in_place: 1.
 - new_chunks_are_fully_committed: 0.
 - uncommit_free_chunks: 1.
 - use_allocation_guard: 0.
 - handle_deallocations: 1.


Internal statistics:

num_allocs_failed_limit: 0.
num_arena_births: 182.
num_arena_deaths: 0.
num_vsnodes_births: 2.
num_vsnodes_deaths: 0.
num_space_committed: 316.
num_space_uncommitted: 0.
num_chunks_returned_to_freelist: 0.
num_chunks_taken_from_freelist: 560.
num_chunk_merges: 0.
num_chunk_splits: 357.
num_chunks_enlarged: 271.
num_inconsistent_stats: 0.

CodeHeap 'non-profiled nmethods': size=120000Kb used=603Kb max_used=603Kb free=119396Kb
 bounds [0x0000016d98d50000, 0x0000016d98fc0000, 0x0000016da0280000]
CodeHeap 'profiled nmethods': size=120000Kb used=3262Kb max_used=3262Kb free=116737Kb
 bounds [0x0000016d91280000, 0x0000016d915b0000, 0x0000016d987b0000]
CodeHeap 'non-nmethods': size=5760Kb used=1175Kb max_used=1190Kb free=4584Kb
 bounds [0x0000016d987b0000, 0x0000016d98a20000, 0x0000016d98d50000]
 total_blobs=2231 nmethods=1759 adapters=385
 compilation: enabled
              stopped_count=0, restarted_count=0
 full_count=0

Compilation events (20 events):
Event: 1.442 Thread 0x0000016da7a82d50 nmethod 1709 0x0000016d91588510 code [0x0000016d915886e0, 0x0000016d91588b58]
Event: 1.442 Thread 0x0000016da7a82d50 1715       3       sun.util.locale.LocaleUtils::isAlphaString (33 bytes)
Event: 1.443 Thread 0x0000016da7a82d50 nmethod 1715 0x0000016d91588d10 code [0x0000016d91588f40, 0x0000016d91589838]
Event: 1.443 Thread 0x0000016da7a82d50 1710       3       sun.util.locale.StringTokenIterator::hasNext (20 bytes)
Event: 1.443 Thread 0x0000016da7a82d50 nmethod 1710 0x0000016d91589b90 code [0x0000016d91589d40, 0x0000016d91589fb8]
Event: 1.443 Thread 0x0000016da7a82d50 1711       1       sun.util.locale.LanguageTag::getLanguage (5 bytes)
Event: 1.443 Thread 0x0000016da7a82d50 nmethod 1711 0x0000016d98de5190 code [0x0000016d98de5320, 0x0000016d98de53f8]
Event: 1.443 Thread 0x0000016da7a82d50 1712       1       sun.util.locale.LanguageTag::getScript (5 bytes)
Event: 1.443 Thread 0x0000016da7a82d50 nmethod 1712 0x0000016d98de5490 code [0x0000016d98de5620, 0x0000016d98de56f8]
Event: 1.443 Thread 0x0000016da7a82d50 1713       1       sun.util.locale.LanguageTag::getRegion (5 bytes)
Event: 1.443 Thread 0x0000016da7a82d50 nmethod 1713 0x0000016d98de5790 code [0x0000016d98de5920, 0x0000016d98de59f8]
Event: 1.443 Thread 0x0000016da7a82d50 1714       1       sun.util.locale.LanguageTag::getPrivateuse (5 bytes)
Event: 1.443 Thread 0x0000016da7a82d50 nmethod 1714 0x0000016d98de5a90 code [0x0000016d98de5c20, 0x0000016d98de5cf8]
Event: 1.445 Thread 0x0000016da7a82d50 1717       3       java.util.Locale::<init> (15 bytes)
Event: 1.445 Thread 0x0000016da7a82d50 nmethod 1717 0x0000016d9158a110 code [0x0000016d9158a2c0, 0x0000016d9158a4d8]
Event: 1.445 Thread 0x0000016da7a82d50 1718       3       sun.util.locale.BaseLocale::<init> (76 bytes)
Event: 1.445 Thread 0x0000016da7a82d50 nmethod 1718 0x0000016d9158a590 code [0x0000016d9158a7c0, 0x0000016d9158ade8]
Event: 1.445 Thread 0x0000016da7a82d50 1726       3       sun.util.locale.BaseLocale$Key::hashCode (178 bytes)
Event: 1.448 Thread 0x0000016da7a82d50 nmethod 1726 0x0000016d9158b010 code [0x0000016d9158b420, 0x0000016d9158d498]
Event: 1.448 Thread 0x0000016da7a82d50 1719       3       sun.util.locale.BaseLocale::getInstance (149 bytes)

GC Heap History (4 events):
Event: 0.688 GC heap before
{Heap before GC invocations=0 (full 0):
 garbage-first heap   total 131072K, used 13312K [0x0000000081600000, 0x0000000100000000)
  region size 1024K, 13 young (13312K), 0 survivors (0K)
 Metaspace       used 10685K, committed 10880K, reserved 1114112K
  class space    used 995K, committed 1088K, reserved 1048576K
}
Event: 0.692 GC heap after
{Heap after GC invocations=1 (full 0):
 garbage-first heap   total 131072K, used 5753K [0x0000000081600000, 0x0000000100000000)
  region size 1024K, 2 young (2048K), 2 survivors (2048K)
 Metaspace       used 10685K, committed 10880K, reserved 1114112K
  class space    used 995K, committed 1088K, reserved 1048576K
}
Event: 1.006 GC heap before
{Heap before GC invocations=1 (full 0):
 garbage-first heap   total 131072K, used 17017K [0x0000000081600000, 0x0000000100000000)
  region size 1024K, 13 young (13312K), 2 survivors (2048K)
 Metaspace       used 14047K, committed 14208K, reserved 1114112K
  class space    used 1404K, committed 1472K, reserved 1048576K
}
Event: 1.009 GC heap after
{Heap after GC invocations=2 (full 0):
 garbage-first heap   total 131072K, used 6771K [0x0000000081600000, 0x0000000100000000)
  region size 1024K, 1 young (1024K), 1 survivors (1024K)
 Metaspace       used 14047K, committed 14208K, reserved 1114112K
  class space    used 1404K, committed 1472K, reserved 1048576K
}

Dll operation events (7 events):
Event: 0.008 Loaded shared library D:\java_project\sts-4.22.1.RELEASE\plugins\org.eclipse.justj.openjdk.hotspot.jre.full.win32.x86_64_17.0.11.v20240426-1830\jre\bin\java.dll
Event: 0.203 Loaded shared library D:\java_project\sts-4.22.1.RELEASE\plugins\org.eclipse.justj.openjdk.hotspot.jre.full.win32.x86_64_17.0.11.v20240426-1830\jre\bin\net.dll
Event: 0.204 Loaded shared library D:\java_project\sts-4.22.1.RELEASE\plugins\org.eclipse.justj.openjdk.hotspot.jre.full.win32.x86_64_17.0.11.v20240426-1830\jre\bin\nio.dll
Event: 0.210 Loaded shared library D:\java_project\sts-4.22.1.RELEASE\plugins\org.eclipse.justj.openjdk.hotspot.jre.full.win32.x86_64_17.0.11.v20240426-1830\jre\bin\zip.dll
Event: 0.381 Loaded shared library D:\java_project\sts-4.22.1.RELEASE\plugins\org.eclipse.justj.openjdk.hotspot.jre.full.win32.x86_64_17.0.11.v20240426-1830\jre\bin\jimage.dll
Event: 0.739 Loaded shared library D:\java_project\sts-4.22.1.RELEASE\plugins\org.eclipse.justj.openjdk.hotspot.jre.full.win32.x86_64_17.0.11.v20240426-1830\jre\bin\management.dll
Event: 0.741 Loaded shared library D:\java_project\sts-4.22.1.RELEASE\plugins\org.eclipse.justj.openjdk.hotspot.jre.full.win32.x86_64_17.0.11.v20240426-1830\jre\bin\management_ext.dll

Deoptimization events (20 events):
Event: 1.197 Thread 0x0000016dac420820 Uncommon trap: trap_request=0xffffffde fr.pc=0x0000016d98dba334 relative=0x0000000000000754
Event: 1.197 Thread 0x0000016dac420820 Uncommon trap: reason=class_check action=maybe_recompile pc=0x0000016d98dba334 method=java.util.HashMap.putVal(ILjava/lang/Object;Ljava/lang/Object;ZZ)Ljava/lang/Object; @ 91 c2
Event: 1.197 Thread 0x0000016dac420820 DEOPT PACKING pc=0x0000016d98dba334 sp=0x0000003d139fd750
Event: 1.197 Thread 0x0000016dac420820 DEOPT UNPACKING pc=0x0000016d988069a3 sp=0x0000003d139fd710 mode 2
Event: 1.202 Thread 0x0000016dac420820 Uncommon trap: trap_request=0xffffffc6 fr.pc=0x0000016d98dadf20 relative=0x0000000000000440
Event: 1.202 Thread 0x0000016dac420820 Uncommon trap: reason=bimorphic_or_optimized_type_check action=maybe_recompile pc=0x0000016d98dadf20 method=java.util.HashMap.getNode(Ljava/lang/Object;)Ljava/util/HashMap$Node; @ 63 c2
Event: 1.202 Thread 0x0000016dac420820 DEOPT PACKING pc=0x0000016d98dadf20 sp=0x0000003d139fdcd0
Event: 1.202 Thread 0x0000016dac420820 DEOPT UNPACKING pc=0x0000016d988069a3 sp=0x0000003d139fdc48 mode 2
Event: 1.202 Thread 0x0000016dac420820 Uncommon trap: trap_request=0xffffffc6 fr.pc=0x0000016d98dadf20 relative=0x0000000000000440
Event: 1.202 Thread 0x0000016dac420820 Uncommon trap: reason=bimorphic_or_optimized_type_check action=maybe_recompile pc=0x0000016d98dadf20 method=java.util.HashMap.getNode(Ljava/lang/Object;)Ljava/util/HashMap$Node; @ 63 c2
Event: 1.202 Thread 0x0000016dac420820 DEOPT PACKING pc=0x0000016d98dadf20 sp=0x0000003d139fdcd0
Event: 1.202 Thread 0x0000016dac420820 DEOPT UNPACKING pc=0x0000016d988069a3 sp=0x0000003d139fdc48 mode 2
Event: 1.208 Thread 0x0000016dac420820 Uncommon trap: trap_request=0xffffffc6 fr.pc=0x0000016d98dadf20 relative=0x0000000000000440
Event: 1.208 Thread 0x0000016dac420820 Uncommon trap: reason=bimorphic_or_optimized_type_check action=maybe_recompile pc=0x0000016d98dadf20 method=java.util.HashMap.getNode(Ljava/lang/Object;)Ljava/util/HashMap$Node; @ 63 c2
Event: 1.208 Thread 0x0000016dac420820 DEOPT PACKING pc=0x0000016d98dadf20 sp=0x0000003d139fdcd0
Event: 1.208 Thread 0x0000016dac420820 DEOPT UNPACKING pc=0x0000016d988069a3 sp=0x0000003d139fdc48 mode 2
Event: 1.323 Thread 0x0000016dac420820 Uncommon trap: trap_request=0xffffff45 fr.pc=0x0000016d98dc119c relative=0x0000000000000ffc
Event: 1.323 Thread 0x0000016dac420820 Uncommon trap: reason=unstable_if action=reinterpret pc=0x0000016d98dc119c method=java.util.concurrent.ConcurrentHashMap.putVal(Ljava/lang/Object;Ljava/lang/Object;Z)Ljava/lang/Object; @ 148 c2
Event: 1.323 Thread 0x0000016dac420820 DEOPT PACKING pc=0x0000016d98dc119c sp=0x0000003d139fd3c0
Event: 1.323 Thread 0x0000016dac420820 DEOPT UNPACKING pc=0x0000016d988069a3 sp=0x0000003d139fd340 mode 2

Classes unloaded (0 events):
No events

Classes redefined (0 events):
No events

Internal exceptions (20 events):
Event: 1.089 Thread 0x0000016dac420820 Exception <a 'java/lang/NoSuchMethodError'{0x00000000893bfca8}: 'java.lang.Object java.lang.invoke.DirectMethodHandle$Holder.invokeSpecial(java.lang.Object, java.lang.Object, java.lang.Object, java.lang.Object, java.lang.Object, java.lang.Object, int)'> (0x00000000893bfca8) 
thrown [s\src\hotspot\share\interpreter\linkResolver.cpp, line 759]
Event: 1.090 Thread 0x0000016dac420820 Exception <a 'java/lang/NoSuchMethodError'{0x00000000893ca210}: 'java.lang.Object java.lang.invoke.DirectMethodHandle$Holder.newInvokeSpecial(java.lang.Object, java.lang.Object, java.lang.Object, java.lang.Object, java.lang.Object, java.lang.Object, int)'> (0x00000000893ca210) 
thrown [s\src\hotspot\share\interpreter\linkResolver.cpp, line 759]
Event: 1.091 Thread 0x0000016dac420820 Exception <a 'java/lang/NoSuchMethodError'{0x00000000893cf250}: 'java.lang.Object java.lang.invoke.DirectMethodHandle$Holder.invokeSpecial(java.lang.Object, java.lang.Object, java.lang.Object, java.lang.Object, java.lang.Object, java.lang.Object, java.lang.Object, int)'> (0x00000000893cf250) 
thrown [s\src\hotspot\share\interpreter\linkResolver.cpp, line 759]
Event: 1.128 Thread 0x0000016dac420820 Exception <a 'java/lang/NoSuchMethodError'{0x000000008910a580}: 'int java.lang.invoke.DirectMethodHandle$Holder.invokeInterface(java.lang.Object, java.lang.Object)'> (0x000000008910a580) 
thrown [s\src\hotspot\share\interpreter\linkResolver.cpp, line 759]
Event: 1.133 Thread 0x0000016dac420820 Exception <a 'java/lang/NoSuchMethodError'{0x0000000089130bf0}: 'void java.lang.invoke.DirectMethodHandle$Holder.invokeSpecial(java.lang.Object, java.lang.Object, java.lang.Object, java.lang.Object, java.lang.Object)'> (0x0000000089130bf0) 
thrown [s\src\hotspot\share\interpreter\linkResolver.cpp, line 759]
Event: 1.165 Thread 0x0000016dac420820 Exception <a 'java/lang/NoSuchMethodError'{0x0000000089020b58}: 'java.lang.Object java.lang.invoke.DirectMethodHandle$Holder.invokeSpecial(java.lang.Object, java.lang.Object, java.lang.Object, int, java.lang.Object)'> (0x0000000089020b58) 
thrown [s\src\hotspot\share\interpreter\linkResolver.cpp, line 759]
Event: 1.166 Thread 0x0000016dac420820 Exception <a 'java/lang/NoSuchMethodError'{0x00000000890291b8}: 'java.lang.Object java.lang.invoke.DirectMethodHandle$Holder.newInvokeSpecial(java.lang.Object, java.lang.Object, java.lang.Object, int, java.lang.Object)'> (0x00000000890291b8) 
thrown [s\src\hotspot\share\interpreter\linkResolver.cpp, line 759]
Event: 1.167 Thread 0x0000016dac420820 Exception <a 'java/lang/NoSuchMethodError'{0x000000008903fb28}: 'java.lang.Object java.lang.invoke.DirectMethodHandle$Holder.newInvokeSpecial(java.lang.Object, int, java.lang.Object)'> (0x000000008903fb28) 
thrown [s\src\hotspot\share\interpreter\linkResolver.cpp, line 759]
Event: 1.168 Thread 0x0000016dac420820 Exception <a 'java/lang/NoSuchMethodError'{0x0000000089044808}: 'int java.lang.invoke.DirectMethodHandle$Holder.invokeSpecialIFC(java.lang.Object, java.lang.Object, java.lang.Object, java.lang.Object)'> (0x0000000089044808) 
thrown [s\src\hotspot\share\interpreter\linkResolver.cpp, line 759]
Event: 1.193 Thread 0x0000016dac420820 Exception <a 'java/lang/NoSuchMethodError'{0x0000000088f16d98}: 'void java.lang.invoke.DirectMethodHandle$Holder.invokeInterface(java.lang.Object, java.lang.Object, java.lang.Object)'> (0x0000000088f16d98) 
thrown [s\src\hotspot\share\interpreter\linkResolver.cpp, line 759]
Event: 1.221 Thread 0x0000016dac420820 Exception <a 'java/lang/NoSuchMethodError'{0x0000000088fc9248}: 'void java.lang.invoke.DirectMethodHandle$Holder.invokeStaticInit(java.lang.Object, java.lang.Object, java.lang.Object)'> (0x0000000088fc9248) 
thrown [s\src\hotspot\share\interpreter\linkResolver.cpp, line 759]
Event: 1.227 Thread 0x0000016dac420820 Exception <a 'java/lang/NoSuchMethodError'{0x0000000088e120c0}: 'java.lang.Object java.lang.invoke.DirectMethodHandle$Holder.invokeVirtual(java.lang.Object, java.lang.Object, java.lang.Object)'> (0x0000000088e120c0) 
thrown [s\src\hotspot\share\interpreter\linkResolver.cpp, line 759]
Event: 1.233 Thread 0x0000016dac420820 Exception <a 'java/lang/NoSuchMethodError'{0x0000000088e33b78}: 'java.lang.Object java.lang.invoke.DirectMethodHandle$Holder.invokeStatic(java.lang.Object, java.lang.Object, long, java.lang.Object)'> (0x0000000088e33b78) 
thrown [s\src\hotspot\share\interpreter\linkResolver.cpp, line 759]
Event: 1.233 Thread 0x0000016dac420820 Exception <a 'java/lang/NoSuchMethodError'{0x0000000088e37610}: 'java.lang.Object java.lang.invoke.DirectMethodHandle$Holder.invokeStaticInit(java.lang.Object, java.lang.Object, long, java.lang.Object)'> (0x0000000088e37610) 
thrown [s\src\hotspot\share\interpreter\linkResolver.cpp, line 759]
Event: 1.233 Thread 0x0000016dac420820 Exception <a 'java/lang/NoSuchMethodError'{0x0000000088e3dd58}: 'java.lang.Object java.lang.invoke.DirectMethodHandle$Holder.newInvokeSpecial(java.lang.Object, java.lang.Object, long)'> (0x0000000088e3dd58) 
thrown [s\src\hotspot\share\interpreter\linkResolver.cpp, line 759]
Event: 1.234 Thread 0x0000016dac420820 Exception <a 'java/lang/NoSuchMethodError'{0x0000000088e418c8}: 'java.lang.Object java.lang.invoke.Invokers$Holder.linkToTargetMethod(java.lang.Object, long, java.lang.Object)'> (0x0000000088e418c8) 
thrown [s\src\hotspot\share\interpreter\linkResolver.cpp, line 759]
Event: 1.251 Thread 0x0000016dac420820 Exception <a 'java/lang/NoSuchMethodError'{0x0000000088ea2140}: 'void java.lang.invoke.DirectMethodHandle$Holder.invokeVirtual(java.lang.Object, java.lang.Object, java.lang.Object, java.lang.Object)'> (0x0000000088ea2140) 
thrown [s\src\hotspot\share\interpreter\linkResolver.cpp, line 759]
Event: 1.293 Thread 0x0000016dac420820 Exception <a 'java/lang/NoSuchMethodError'{0x0000000088c07978}: 'void java.lang.invoke.DirectMethodHandle$Holder.invokeSpecial(java.lang.Object, java.lang.Object, java.lang.Object)'> (0x0000000088c07978) 
thrown [s\src\hotspot\share\interpreter\linkResolver.cpp, line 759]
Event: 1.303 Thread 0x0000016dacca0040 Exception <a 'java/lang/NoClassDefFoundError'{0x0000000088c66878}: jakarta/validation/Validation> (0x0000000088c66878) 
thrown [s\src\hotspot\share\classfile\systemDictionary.cpp, line 245]
Event: 1.306 Thread 0x0000016dac420820 Exception <a 'java/lang/IncompatibleClassChangeError'{0x0000000088c3a0d0}: Found class java.lang.Object, but interface was expected> (0x0000000088c3a0d0) 
thrown [s\src\hotspot\share\interpreter\linkResolver.cpp, line 826]

VM Operations (20 events):
Event: 0.240 Executing VM operation: HandshakeAllThreads
Event: 0.240 Executing VM operation: HandshakeAllThreads done
Event: 0.387 Executing VM operation: HandshakeAllThreads
Event: 0.387 Executing VM operation: HandshakeAllThreads done
Event: 0.532 Executing VM operation: HandshakeAllThreads
Event: 0.532 Executing VM operation: HandshakeAllThreads done
Event: 0.553 Executing VM operation: HandshakeAllThreads
Event: 0.553 Executing VM operation: HandshakeAllThreads done
Event: 0.687 Executing VM operation: G1CollectForAllocation
Event: 0.692 Executing VM operation: G1CollectForAllocation done
Event: 0.903 Executing VM operation: HandshakeAllThreads
Event: 0.903 Executing VM operation: HandshakeAllThreads done
Event: 1.006 Executing VM operation: G1CollectForAllocation
Event: 1.009 Executing VM operation: G1CollectForAllocation done
Event: 1.144 Executing VM operation: HandshakeAllThreads
Event: 1.144 Executing VM operation: HandshakeAllThreads done
Event: 1.290 Executing VM operation: HandshakeAllThreads
Event: 1.290 Executing VM operation: HandshakeAllThreads done
Event: 1.399 Executing VM operation: ICBufferFull
Event: 1.400 Executing VM operation: ICBufferFull done

Events (20 events):
Event: 1.429 loading class java/util/ResourceBundle$Control
Event: 1.429 loading class java/math/RoundingMode
Event: 1.429 loading class java/util/ResourceBundle$Control done
Event: 1.429 loading class java/math/RoundingMode done
Event: 1.429 loading class java/util/ResourceBundle
Event: 1.429 loading class java/util/ResourceBundle done
Event: 1.430 loading class java/util/ResourceBundle$Control$CandidateListCache
Event: 1.430 loading class java/util/ResourceBundle$Control$CandidateListCache done
Event: 1.430 loading class java/util/ResourceBundle$NoFallbackControl
Event: 1.430 loading class java/util/ResourceBundle$SingleFormatControl
Event: 1.430 loading class java/util/ResourceBundle$SingleFormatControl done
Event: 1.430 loading class java/util/ResourceBundle$NoFallbackControl done
Event: 1.430 loading class sun/util/cldr/CLDRCalendarDataProviderImpl
Event: 1.430 loading class sun/util/locale/provider/CalendarDataProviderImpl
Event: 1.430 loading class sun/util/locale/provider/CalendarDataProviderImpl done
Event: 1.431 loading class sun/util/cldr/CLDRCalendarDataProviderImpl done
Event: 1.439 loading class org/xml/sax/ErrorHandler
Event: 1.439 loading class org/xml/sax/ErrorHandler done
Event: 1.439 loading class org/xml/sax/SAXParseException
Event: 1.442 loading class org/xml/sax/SAXParseException done


Dynamic libraries:
0x00007ff67c250000 - 0x00007ff67c25e000 	D:\java_project\sts-4.22.1.RELEASE\plugins\org.eclipse.justj.openjdk.hotspot.jre.full.win32.x86_64_17.0.11.v20240426-1830\jre\bin\javaw.exe
0x00007ff9ab250000 - 0x00007ff9ab448000 	C:\WINDOWS\SYSTEM32\ntdll.dll
0x00007ff9a9280000 - 0x00007ff9a9341000 	C:\WINDOWS\System32\KERNEL32.DLL
0x00007ff9a89c0000 - 0x00007ff9a8cb6000 	C:\WINDOWS\System32\KERNELBASE.dll
0x00007ff9a9180000 - 0x00007ff9a9280000 	C:\WINDOWS\System32\ucrtbase.dll
0x00007ff986380000 - 0x00007ff98639b000 	D:\java_project\sts-4.22.1.RELEASE\plugins\org.eclipse.justj.openjdk.hotspot.jre.full.win32.x86_64_17.0.11.v20240426-1830\jre\bin\VCRUNTIME140.dll
0x00007ff9863a0000 - 0x00007ff9863b7000 	D:\java_project\sts-4.22.1.RELEASE\plugins\org.eclipse.justj.openjdk.hotspot.jre.full.win32.x86_64_17.0.11.v20240426-1830\jre\bin\jli.dll
0x00007ff9a9e70000 - 0x00007ff9aa00f000 	C:\WINDOWS\System32\USER32.dll
0x00007ff9a8990000 - 0x00007ff9a89b2000 	C:\WINDOWS\System32\win32u.dll
0x00007ff99d790000 - 0x00007ff99da2a000 	C:\WINDOWS\WinSxS\amd64_microsoft.windows.common-controls_6595b64144ccf1df_6.0.19041.4355_none_60b8b9eb71f62e16\COMCTL32.dll
0x00007ff9ab080000 - 0x00007ff9ab0ab000 	C:\WINDOWS\System32\GDI32.dll
0x00007ff9a9ac0000 - 0x00007ff9a9b5e000 	C:\WINDOWS\System32\msvcrt.dll
0x00007ff9a9060000 - 0x00007ff9a9177000 	C:\WINDOWS\System32\gdi32full.dll
0x00007ff9a8dc0000 - 0x00007ff9a8e5d000 	C:\WINDOWS\System32\msvcp_win.dll
0x00007ff9aaf30000 - 0x00007ff9aaf5f000 	C:\WINDOWS\System32\IMM32.DLL
0x00007ff985ab0000 - 0x00007ff985abc000 	D:\java_project\sts-4.22.1.RELEASE\plugins\org.eclipse.justj.openjdk.hotspot.jre.full.win32.x86_64_17.0.11.v20240426-1830\jre\bin\vcruntime140_1.dll
0x00007ff9742a0000 - 0x00007ff97432d000 	D:\java_project\sts-4.22.1.RELEASE\plugins\org.eclipse.justj.openjdk.hotspot.jre.full.win32.x86_64_17.0.11.v20240426-1830\jre\bin\msvcp140.dll
0x00007ff941c90000 - 0x00007ff9428f2000 	D:\java_project\sts-4.22.1.RELEASE\plugins\org.eclipse.justj.openjdk.hotspot.jre.full.win32.x86_64_17.0.11.v20240426-1830\jre\bin\server\jvm.dll
0x00007ff9a9d00000 - 0x00007ff9a9db0000 	C:\WINDOWS\System32\ADVAPI32.dll
0x00007ff9aada0000 - 0x00007ff9aae40000 	C:\WINDOWS\System32\sechost.dll
0x00007ff9aa5a0000 - 0x00007ff9aa6c3000 	C:\WINDOWS\System32\RPCRT4.dll
0x00007ff9a8e60000 - 0x00007ff9a8e87000 	C:\WINDOWS\System32\bcrypt.dll
0x00007ff996740000 - 0x00007ff996749000 	C:\WINDOWS\SYSTEM32\WSOCK32.dll
0x00007ff9a7e80000 - 0x00007ff9a7ecb000 	C:\WINDOWS\SYSTEM32\POWRPROF.dll
0x00007ff9aa4b0000 - 0x00007ff9aa51b000 	C:\WINDOWS\System32\WS2_32.dll
0x00007ff998ca0000 - 0x00007ff998cc7000 	C:\WINDOWS\SYSTEM32\WINMM.dll
0x00007ff9a2190000 - 0x00007ff9a219a000 	C:\WINDOWS\SYSTEM32\VERSION.dll
0x00007ff9a7cf0000 - 0x00007ff9a7d02000 	C:\WINDOWS\SYSTEM32\UMPDC.dll
0x00007ff9a66a0000 - 0x00007ff9a66b2000 	C:\WINDOWS\SYSTEM32\kernel.appcore.dll
0x00007ff98fe50000 - 0x00007ff98fe5a000 	D:\java_project\sts-4.22.1.RELEASE\plugins\org.eclipse.justj.openjdk.hotspot.jre.full.win32.x86_64_17.0.11.v20240426-1830\jre\bin\jimage.dll
0x00007ff9a05e0000 - 0x00007ff9a07c4000 	C:\WINDOWS\SYSTEM32\DBGHELP.DLL
0x00007ff9a0180000 - 0x00007ff9a01b4000 	C:\WINDOWS\SYSTEM32\dbgcore.DLL
0x00007ff9a8900000 - 0x00007ff9a8982000 	C:\WINDOWS\System32\bcryptPrimitives.dll
0x00007ff981c10000 - 0x00007ff981c35000 	D:\java_project\sts-4.22.1.RELEASE\plugins\org.eclipse.justj.openjdk.hotspot.jre.full.win32.x86_64_17.0.11.v20240426-1830\jre\bin\java.dll
0x00007ff987f50000 - 0x00007ff987f68000 	D:\java_project\sts-4.22.1.RELEASE\plugins\org.eclipse.justj.openjdk.hotspot.jre.full.win32.x86_64_17.0.11.v20240426-1830\jre\bin\zip.dll
0x00007ff9a9350000 - 0x00007ff9a9abc000 	C:\WINDOWS\System32\SHELL32.dll
0x00007ff9a6980000 - 0x00007ff9a711d000 	C:\WINDOWS\SYSTEM32\windows.storage.dll
0x00007ff9aa0d0000 - 0x00007ff9aa423000 	C:\WINDOWS\System32\combase.dll
0x00007ff9a8320000 - 0x00007ff9a834e000 	C:\WINDOWS\SYSTEM32\Wldp.dll
0x00007ff9ab0b0000 - 0x00007ff9ab17d000 	C:\WINDOWS\System32\OLEAUT32.dll
0x00007ff9aa020000 - 0x00007ff9aa0cd000 	C:\WINDOWS\System32\SHCORE.dll
0x00007ff9a9e10000 - 0x00007ff9a9e65000 	C:\WINDOWS\System32\shlwapi.dll
0x00007ff9a8830000 - 0x00007ff9a8854000 	C:\WINDOWS\SYSTEM32\profapi.dll
0x00007ff986590000 - 0x00007ff9865a9000 	D:\java_project\sts-4.22.1.RELEASE\plugins\org.eclipse.justj.openjdk.hotspot.jre.full.win32.x86_64_17.0.11.v20240426-1830\jre\bin\net.dll
0x00007ff9a07d0000 - 0x00007ff9a08da000 	C:\WINDOWS\SYSTEM32\WINHTTP.dll
0x00007ff9a8080000 - 0x00007ff9a80ea000 	C:\WINDOWS\system32\mswsock.dll
0x00007ff981c80000 - 0x00007ff981c96000 	D:\java_project\sts-4.22.1.RELEASE\plugins\org.eclipse.justj.openjdk.hotspot.jre.full.win32.x86_64_17.0.11.v20240426-1830\jre\bin\nio.dll
0x00007ff97fa70000 - 0x00007ff97fa79000 	D:\java_project\sts-4.22.1.RELEASE\plugins\org.eclipse.justj.openjdk.hotspot.jre.full.win32.x86_64_17.0.11.v20240426-1830\jre\bin\management.dll
0x00007ff97fa60000 - 0x00007ff97fa6b000 	D:\java_project\sts-4.22.1.RELEASE\plugins\org.eclipse.justj.openjdk.hotspot.jre.full.win32.x86_64_17.0.11.v20240426-1830\jre\bin\management_ext.dll
0x00007ff9aaf20000 - 0x00007ff9aaf28000 	C:\WINDOWS\System32\PSAPI.DLL

dbghelp: loaded successfully - version: 4.0.5 - missing functions: none
symbol engine: initialized successfully - sym options: 0x614 - pdb path: .;D:\java_project\sts-4.22.1.RELEASE\plugins\org.eclipse.justj.openjdk.hotspot.jre.full.win32.x86_64_17.0.11.v20240426-1830\jre\bin;C:\WINDOWS\SYSTEM32;C:\WINDOWS\WinSxS\amd64_microsoft.windows.common-controls_6595b64144ccf1df_6.0.19041.4355_none_60b8b9eb71f62e16;D:\java_project\sts-4.22.1.RELEASE\plugins\org.eclipse.justj.openjdk.hotspot.jre.full.win32.x86_64_17.0.11.v20240426-1830\jre\bin\server

VM Arguments:
jvm_args: -Dfile.encoding=UTF-8 -Dstdout.encoding=UTF-8 -Dstderr.encoding=UTF-8 -XX:+ShowCodeDetailsInExceptionMessages 
java_command: com.Rikesh.StudentSystem.StudentSystemApplication
java_class_path (initial): D:\java_project\StudentSystem\StudentSystem\target\classes;C:\Users\DELL\.m2\repository\org\springframework\boot\spring-boot-starter-data-jpa\3.3.1\spring-boot-starter-data-jpa-3.3.1.jar;C:\Users\DELL\.m2\repository\org\springframework\boot\spring-boot-starter-aop\3.3.1\spring-boot-starter-aop-3.3.1.jar;C:\Users\DELL\.m2\repository\org\springframework\spring-aop\6.1.10\spring-aop-6.1.10.jar;C:\Users\DELL\.m2\repository\org\aspectj\aspectjweaver\1.9.22\aspectjweaver-1.9.22.jar;C:\Users\DELL\.m2\repository\org\springframework\boot\spring-boot-starter-jdbc\3.3.1\spring-boot-starter-jdbc-3.3.1.jar;C:\Users\DELL\.m2\repository\com\zaxxer\HikariCP\5.1.0\HikariCP-5.1.0.jar;C:\Users\DELL\.m2\repository\org\springframework\spring-jdbc\6.1.10\spring-jdbc-6.1.10.jar;C:\Users\DELL\.m2\repository\org\hibernate\orm\hibernate-core\6.5.2.Final\hibernate-core-6.5.2.Final.jar;C:\Users\DELL\.m2\repository\jakarta\persistence\jakarta.persistence-api\3.1.0\jakarta.persistence-api-3.1.0.jar;C:\Users\DELL\.m2\repository\jakarta\transaction\jakarta.transaction-api\2.0.1\jakarta.transaction-api-2.0.1.jar;C:\Users\DELL\.m2\repository\org\jboss\logging\jboss-logging\3.5.3.Final\jboss-logging-3.5.3.Final.jar;C:\Users\DELL\.m2\repository\org\hibernate\common\hibernate-commons-annotations\6.0.6.Final\hibernate-commons-annotations-6.0.6.Final.jar;C:\Users\DELL\.m2\repository\io\smallrye\jandex\3.1.2\jandex-3.1.2.jar;C:\Users\DELL\.m2\repository\com\fasterxml\classmate\1.7.0\classmate-1.7.0.jar;C:\Users\DELL\.m2\repository\net\bytebuddy\byte-buddy\1.14.17\byte-buddy-1.14.17.jar;C:\Users\DELL\.m2\repository\org\glassfish\jaxb\jaxb-runtime\4.0.5\jaxb-runtime-4.0.5.jar;C:\Users\DELL\.m2\repository\org\glassfish\jaxb\jaxb-core\4.0.5\jaxb-core-4.0.5.jar;C:\Users\DELL\.m2\repository\org\eclipse\angus\angus-activation\2.0.2\angus-activation-2.0.2.jar;C:\Users\DELL\.m2\repository\org\glassfish\jaxb\txw2\4.0.5\txw2-4.0.5.jar;C:\Users\DELL\.m2\repository\com\sun\istack\istack-co
Launcher Type: SUN_STANDARD

[Global flags]
     intx CICompilerCount                          = 3                                         {product} {ergonomic}
     uint ConcGCThreads                            = 1                                         {product} {ergonomic}
     uint G1ConcRefinementThreads                  = 4                                         {product} {ergonomic}
   size_t G1HeapRegionSize                         = 1048576                                   {product} {ergonomic}
    uintx GCDrainStackTargetSize                   = 64                                        {product} {ergonomic}
   size_t InitialHeapSize                          = 134217728                                 {product} {ergonomic}
   size_t MarkStackSize                            = 4194304                                   {product} {ergonomic}
   size_t MaxHeapSize                              = 2124414976                                {product} {ergonomic}
   size_t MaxNewSize                               = 1274019840                                {product} {ergonomic}
   size_t MinHeapDeltaBytes                        = 1048576                                   {product} {ergonomic}
   size_t MinHeapSize                              = 8388608                                   {product} {ergonomic}
    uintx NonNMethodCodeHeapSize                   = 5832780                                {pd product} {ergonomic}
    uintx NonProfiledCodeHeapSize                  = 122912730                              {pd product} {ergonomic}
    uintx ProfiledCodeHeapSize                     = 122912730                              {pd product} {ergonomic}
    uintx ReservedCodeCacheSize                    = 251658240                              {pd product} {ergonomic}
     bool SegmentedCodeCache                       = true                                      {product} {ergonomic}
     bool ShowCodeDetailsInExceptionMessages       = true                                   {manageable} {command line}
   size_t SoftMaxHeapSize                          = 2124414976                             {manageable} {ergonomic}
     bool UseCompressedClassPointers               = true                           {product lp64_product} {ergonomic}
     bool UseCompressedOops                        = true                           {product lp64_product} {ergonomic}
     bool UseG1GC                                  = true                                      {product} {ergonomic}
     bool UseLargePagesIndividualAllocation        = false                                  {pd product} {ergonomic}

Logging:
Log output configuration:
 #0: stdout all=warning uptime,level,tags
 #1: stderr all=off uptime,level,tags

Environment Variables:
PATH=D:/java_project/sts-4.22.1.RELEASE//plugins/org.eclipse.justj.openjdk.hotspot.jre.full.win32.x86_64_17.0.11.v20240426-1830/jre/bin/server;D:/java_project/sts-4.22.1.RELEASE//plugins/org.eclipse.justj.openjdk.hotspot.jre.full.win32.x86_64_17.0.11.v20240426-1830/jre/bin;C:\Program Files\Common Files\Oracle\Java\javapath;C:\WINDOWS\system32;C:\WINDOWS;C:\WINDOWS\System32\Wbem;C:\WINDOWS\System32\WindowsPowerShell\v1.0\;C:\WINDOWS\System32\OpenSSH\;C:\xampp\php;C:\ProgramData\ComposerSetup\bin;C:\Program Files\nodejs;C:\Users\DELL\AppData\Local\Programs\Python\Python311\Scripts;C:\Users\DELL\AppData\Local\Programs\Python\Python311;C:\Program Files\Java\jdk-21\bin;C:\Program Files\Git\cmd;C:\Program Files\nodejs\;C:\Users\DELL\AppData\Local\Microsoft\WindowsApps;C:\Users\DELL\AppData\Local\Programs\Microsoft VS Code\bin;C:\Users\DELL\AppData\Roaming\Composer\vendor\bin;C:\Program Files\nodejs;;C:\Program Files\JetBrains\IntelliJ IDEA 2023.3.4\bin;;C:\Program Files\JetBrains\IntelliJ IDEA Community Edition 2023.3.4\bin;;C:\Users\DELL\AppData\Roaming\npm;D:\java_project\sts-4.22.1.RELEASE;
USERNAME=DELL
OS=Windows_NT
PROCESSOR_IDENTIFIER=Intel64 Family 6 Model 61 Stepping 4, GenuineIntel
TMP=C:\Users\DELL\AppData\Local\Temp
TEMP=C:\Users\DELL\AppData\Local\Temp



Periodic native trim disabled


---------------  S Y S T E M  ---------------

OS:
 Windows 10 , 64 bit Build 19041 (10.0.19041.4597)
OS uptime: 8 days 14:23 hours

CPU: total 4 (initial active 4) (2 cores per cpu, 2 threads per core) family 6 model 61 stepping 4 microcode 0x2d, cx8, cmov, fxsr, ht, mmx, 3dnowpref, sse, sse2, sse3, ssse3, sse4.1, sse4.2, popcnt, lzcnt, tsc, tscinvbit, avx, avx2, aes, erms, clmul, bmi1, bmi2, adx, fma, vzeroupper, clflush
Processor Information for all 4 processors :
  Max Mhz: 2401, Current Mhz: 2401, Mhz Limit: 2401

Memory: 4k page, system-wide physical 8102M (1076M free)
TotalPageFile size 10150M (AvailPageFile size 5M)
current process WorkingSet (physical memory assigned to process): 95M, peak: 95M
current process commit charge ("private bytes"): 227M, peak: 227M

vm_info: OpenJDK 64-Bit Server VM (17.0.11+9) for windows-amd64 JRE (17.0.11+9), built on Apr 17 2024 06:07:48 by "admin" with MS VC++ 16.10 / 16.11 (VS2019)

END.
